#
# A fatal error has been detected by the Java Runtime Environment:
#
#  Internal Error (javaCalls.cpp:51), pid=88042, tid=13315
#  guarantee(thread->is_Java_thread()) failed: crucial check - the VM thread cannot and must not escape to Java code
#
# JRE version: Java(TM) SE Runtime Environment (8.0_73-b02) (build 1.8.0_73-b02)
# Java VM: Java HotSpot(TM) 64-Bit Server VM (25.73-b02 mixed mode bsd-amd64 compressed oops)
# Failed to write core dump. Core dumps have been disabled. To enable core dumping, try "ulimit -c unlimited" before starting Java again
#
# If you would like to submit a bug report, please visit:
#   http://bugreport.java.com/bugreport/crash.jsp
#

---------------  T H R E A D  ---------------

Current thread (0x00007fa07b812000):  VMThread [stack: 0x0000700001450000,0x0000700001550000] [id=13315]

Stack: [0x0000700001450000,0x0000700001550000],  sp=0x000070000154eb00,  free space=1018k
Native frames: (J=compiled Java code, j=interpreted, Vv=VM code, C=native code)
V  [libjvm.dylib+0x5a6996]
V  [libjvm.dylib+0x1e64f7]
V  [libjvm.dylib+0x2ea51c]
V  [libjvm.dylib+0x2eadd4]
V  [libjvm.dylib+0x2eb2f2]
V  [libjvm.dylib+0x2403ab]
V  [libjvm.dylib+0x2404a6]
V  [libjvm.dylib+0x240705]
V  [libjvm.dylib+0x240720]
V  [libjvm.dylib+0x283a5b]
V  [libjvm.dylib+0x283f27]
V  [libjvm.dylib+0x283f75]
V  [libjvm.dylib+0x2866c0]
V  [libjvm.dylib+0x28690f]
V  [libjvm.dylib+0x286ea6]
V  [libjvm.dylib+0x2872bf]
V  [libjvm.dylib+0x47a8f5]
V  [libjvm.dylib+0x47aafe]
V  [libjvm.dylib+0x47b031]
V  [libjvm.dylib+0x2bde7c]
V  [libjvm.dylib+0x449051]
V  [libjvm.dylib+0x395737]
V  [libjvm.dylib+0x5ae481]
V  [libjvm.dylib+0x5acaeb]
V  [libjvm.dylib+0x5acf38]
V  [libjvm.dylib+0x5ac857]
V  [libjvm.dylib+0x4838a2]
C  [libsystem_pthread.dylib+0x393b]  _pthread_body+0xb4
C  [libsystem_pthread.dylib+0x3887]  _pthread_body+0x0
C  [libsystem_pthread.dylib+0x308d]  thread_start+0xd

VM_Operation (0x00007000019de958): GetOrSetLocal, mode: safepoint, requested by thread 0x00007fa07e004800


---------------  P R O C E S S  ---------------

Java Threads: ( => current thread )
  0x00007fa07b88b000 JavaThread "DestroyJavaVM" [_thread_blocked, id=6915, stack(0x0000700000b35000,0x0000700000c35000)]
  0x00007fa07c2bf800 JavaThread "http-nio-8082-AsyncTimeout" daemon [_thread_blocked, id=35587, stack(0x0000700003b45000,0x0000700003c45000)]
  0x00007fa07e124800 JavaThread "http-nio-8082-Acceptor-0" daemon [_thread_in_native, id=35075, stack(0x0000700003a42000,0x0000700003b42000)]
  0x00007fa07e142800 JavaThread "http-nio-8082-ClientPoller-1" daemon [_thread_in_native, id=34563, stack(0x000070000393f000,0x0000700003a3f000)]
  0x00007fa07f129000 JavaThread "http-nio-8082-ClientPoller-0" daemon [_thread_in_native, id=34051, stack(0x000070000383c000,0x000070000393c000)]
  0x00007fa07c2ba800 JavaThread "http-nio-8082-exec-10" daemon [_thread_blocked, id=33539, stack(0x0000700003739000,0x0000700003839000)]
  0x00007fa07b869800 JavaThread "http-nio-8082-exec-9" daemon [_thread_blocked, id=33027, stack(0x0000700003636000,0x0000700003736000)]
  0x00007fa07b869000 JavaThread "http-nio-8082-exec-8" daemon [_thread_blocked, id=32515, stack(0x0000700003533000,0x0000700003633000)]
  0x00007fa07c2ba000 JavaThread "http-nio-8082-exec-7" daemon [_thread_blocked, id=32003, stack(0x0000700003430000,0x0000700003530000)]
  0x00007fa07b868000 JavaThread "http-nio-8082-exec-6" daemon [_thread_blocked, id=31491, stack(0x000070000332d000,0x000070000342d000)]
  0x00007fa07b910800 JavaThread "http-nio-8082-exec-5" daemon [_thread_blocked, id=30979, stack(0x000070000322a000,0x000070000332a000)]
  0x00007fa07e966800 JavaThread "http-nio-8082-exec-4" daemon [_thread_blocked, id=30467, stack(0x0000700003127000,0x0000700003227000)]
  0x00007fa07e938000 JavaThread "http-nio-8082-exec-3" daemon [_thread_blocked, id=29955, stack(0x0000700003024000,0x0000700003124000)]
  0x00007fa07fb77000 JavaThread "http-nio-8082-exec-2" daemon [_thread_blocked, id=29443, stack(0x0000700002f21000,0x0000700003021000)]
  0x00007fa07fb76000 JavaThread "http-nio-8082-exec-1" daemon [_thread_blocked, id=4615, stack(0x0000700002e1e000,0x0000700002f1e000)]
  0x00007fa07fb73000 JavaThread "NioBlockingSelector.BlockPoller-1" daemon [_thread_in_native, id=17415, stack(0x0000700002d1b000,0x0000700002e1b000)]
  0x00007fa07fc0b000 JavaThread "pool-3-thread-1" daemon [_thread_blocked, id=28675, stack(0x0000700002c18000,0x0000700002d18000)]
  0x00007fa07e11b000 JavaThread "cluster-ClusterId{value='5adec655aec6a757ea6f28d5', description='null'}-localhost:27017" daemon [_thread_blocked, id=28163, stack(0x0000700002b15000,0x0000700002c15000)]
  0x00007fa07ca70800 JavaThread "pool-2-thread-1" daemon [_thread_blocked, id=27651, stack(0x0000700002a12000,0x0000700002b12000)]
  0x00007fa07fbee000 JavaThread "cluster-ClusterId{value='5adec654aec6a757ea6f28d4', description='null'}-localhost:27017" daemon [_thread_blocked, id=27139, stack(0x000070000290f000,0x0000700002a0f000)]
  0x00007fa07c30f000 JavaThread "container-0" [_thread_blocked, id=26627, stack(0x000070000280c000,0x000070000290c000)]
  0x00007fa07e95d800 JavaThread "ContainerBackgroundProcessor[StandardEngine[Tomcat]]" daemon [_thread_blocked, id=26115, stack(0x0000700002709000,0x0000700002809000)]
  0x00007fa07f9de800 JavaThread "RMI TCP Accept-0" daemon [_thread_in_native, id=24067, stack(0x00007000022fd000,0x00007000023fd000)]
  0x00007fa07c91a800 JavaThread "RMI TCP Accept-64027" daemon [_thread_in_native, id=23555, stack(0x00007000021fa000,0x00007000022fa000)]
  0x00007fa07c91b800 JavaThread "RMI TCP Accept-0" daemon [_thread_in_native, id=23043, stack(0x00007000020f7000,0x00007000021f7000)]
  0x00007fa07e006800 JavaThread "Service Thread" daemon [_thread_blocked, id=22531, stack(0x0000700001ff4000,0x00007000020f4000)]
  0x00007fa07c01d000 JavaThread "C1 CompilerThread3" daemon [_thread_blocked, id=22019, stack(0x0000700001ef1000,0x0000700001ff1000)]
  0x00007fa07f814800 JavaThread "C2 CompilerThread2" daemon [_thread_blocked, id=21507, stack(0x0000700001dee000,0x0000700001eee000)]
  0x00007fa07f815800 JavaThread "C2 CompilerThread1" daemon [_thread_blocked, id=20995, stack(0x0000700001ceb000,0x0000700001deb000)]
  0x00007fa07c864000 JavaThread "C2 CompilerThread0" daemon [_thread_blocked, id=20483, stack(0x0000700001be8000,0x0000700001ce8000)]
  0x00007fa07e006000 JavaThread "JDWP Command Reader" daemon [_thread_in_native, id=19971, stack(0x0000700001ae5000,0x0000700001be5000)]
  0x00007fa07e005000 JavaThread "JDWP Event Helper Thread" daemon [_thread_blocked, id=19459, stack(0x00007000019e2000,0x0000700001ae2000)]
  0x00007fa07e004800 JavaThread "JDWP Transport Listener: dt_socket" daemon [_thread_blocked, id=18947, stack(0x00007000018df000,0x00007000019df000)]
  0x00007fa07c009000 JavaThread "Signal Dispatcher" daemon [_thread_blocked, id=18435, stack(0x00007000017dc000,0x00007000018dc000)]
  0x00007fa07e805000 JavaThread "Finalizer" daemon [_thread_blocked, id=14339, stack(0x0000700001656000,0x0000700001756000)]
  0x00007fa07e002800 JavaThread "Reference Handler" daemon [_thread_blocked, id=13827, stack(0x0000700001553000,0x0000700001653000)]

Other Threads:
=>0x00007fa07b812000 VMThread [stack: 0x0000700001450000,0x0000700001550000] [id=13315]
  0x00007fa07d8fa000 WatcherThread [stack: 0x0000700002400000,0x0000700002500000] [id=24579]

VM state:at safepoint (normal execution)

VM Mutex/Monitor currently owned by a thread:  ([mutex/lock_event])
[0x00007fa07b503e50] Threads_lock - owner thread: 0x00007fa07b812000

Heap:
 PSYoungGen      total 307200K, used 66245K [0x000000076ab00000, 0x0000000784d00000, 0x00000007c0000000)
  eden space 288256K, 22% used [0x000000076ab00000,0x000000076ebb1698,0x000000077c480000)
  from space 18944K, 0% used [0x000000077d700000,0x000000077d700000,0x000000077e980000)
  to   space 18944K, 0% used [0x000000077c480000,0x000000077c480000,0x000000077d700000)
 ParOldGen       total 178176K, used 24736K [0x00000006c0000000, 0x00000006cae00000, 0x000000076ab00000)
  object space 178176K, 13% used [0x00000006c0000000,0x00000006c1828060,0x00000006cae00000)
 Metaspace       used 37666K, capacity 38230K, committed 38616K, reserved 1083392K
  class space    used 4929K, capacity 5075K, committed 5120K, reserved 1048576K

Card table byte_map: [0x000000011174d000,0x0000000111f4e000] byte_map_base: 0x000000010e14d000

Marking Bits: (ParMarkBitMap*) 0x0000000110ce3ea0
 Begin Bits: [0x00000001124a4000, 0x00000001164a4000)
 End Bits:   [0x00000001164a4000, 0x000000011a4a4000)

Polling page: 0x000000010f383000

CodeCache: size=245760Kb used=8482Kb max_used=8482Kb free=237277Kb
 bounds [0x000000011e91d000, 0x000000011f16d000, 0x000000012d91d000]
 total_blobs=4549 nmethods=4117 adapters=353
 compilation: enabled

Compilation events (10 events):
Event: 1458.352 Thread 0x00007fa07c01d000 4242       1       org.apache.catalina.connector.RequestFacade::getServletPath (31 bytes)
Event: 1458.352 Thread 0x00007fa07c01d000 nmethod 4242 0x000000011f165850 code [0x000000011f1659e0, 0x000000011f165c08]
Event: 1458.352 Thread 0x00007fa07c01d000 4243       1       org.apache.catalina.connector.Request::getServletPath (11 bytes)
Event: 1458.352 Thread 0x00007fa07c01d000 nmethod 4243 0x000000011f165dd0 code [0x000000011f165f40, 0x000000011f166088]
Event: 1458.353 Thread 0x00007fa07c01d000 4244       1       org.springframework.web.util.UriUtils::decode (240 bytes)
Event: 1458.357 Thread 0x00007fa07c01d000 nmethod 4244 0x000000011f166150 code [0x000000011f1664c0, 0x000000011f167a68]
Event: 1458.357 Thread 0x00007fa07c01d000 4246       1       sun.nio.cs.ISO_8859_1$Decoder::decodeLoop (28 bytes)
Event: 1458.357 Thread 0x00007fa07c01d000 nmethod 4246 0x000000011f169310 code [0x000000011f169480, 0x000000011f169678]
Event: 1458.357 Thread 0x00007fa07c01d000 4245       1       java.util.StringTokenizer::<init> (52 bytes)
Event: 1458.357 Thread 0x00007fa07c01d000 nmethod 4245 0x000000011f169790 code [0x000000011f169900, 0x000000011f169aa8]

GC Heap History (10 events):
Event: 2.162 GC heap before
{Heap before GC invocations=4 (full 1):
 PSYoungGen      total 141824K, used 9402K [0x000000076ab00000, 0x000000077c000000, 0x00000007c0000000)
  eden space 131072K, 0% used [0x000000076ab00000,0x000000076ab00000,0x0000000772b00000)
  from space 10752K, 87% used [0x0000000772b00000,0x000000077342eb00,0x0000000773580000)
  to   space 10752K, 0% used [0x000000077b580000,0x000000077b580000,0x000000077c000000)
 ParOldGen       total 175104K, used 104K [0x00000006c0000000, 0x00000006cab00000, 0x000000076ab00000)
  object space 175104K, 0% used [0x00000006c0000000,0x00000006c001a010,0x00000006cab00000)
 Metaspace       used 20773K, capacity 21056K, committed 21248K, reserved 1067008K
  class space    used 2618K, capacity 2719K, committed 2816K, reserved 1048576K
Event: 2.195 GC heap after
Heap after GC invocations=4 (full 1):
 PSYoungGen      total 141824K, used 0K [0x000000076ab00000, 0x000000077c000000, 0x00000007c0000000)
  eden space 131072K, 0% used [0x000000076ab00000,0x000000076ab00000,0x0000000772b00000)
  from space 10752K, 0% used [0x0000000772b00000,0x0000000772b00000,0x0000000773580000)
  to   space 10752K, 0% used [0x000000077b580000,0x000000077b580000,0x000000077c000000)
 ParOldGen       total 105984K, used 9189K [0x00000006c0000000, 0x00000006c6780000, 0x000000076ab00000)
  object space 105984K, 8% used [0x00000006c0000000,0x00000006c08f9540,0x00000006c6780000)
 Metaspace       used 20773K, capacity 21056K, committed 21248K, reserved 1067008K
  class space    used 2618K, capacity 2719K, committed 2816K, reserved 1048576K
}
Event: 3.447 GC heap before
{Heap before GC invocations=5 (full 1):
 PSYoungGen      total 141824K, used 131072K [0x000000076ab00000, 0x000000077c000000, 0x00000007c0000000)
  eden space 131072K, 100% used [0x000000076ab00000,0x0000000772b00000,0x0000000772b00000)
  from space 10752K, 0% used [0x0000000772b00000,0x0000000772b00000,0x0000000773580000)
  to   space 10752K, 0% used [0x000000077b580000,0x000000077b580000,0x000000077c000000)
 ParOldGen       total 105984K, used 9189K [0x00000006c0000000, 0x00000006c6780000, 0x000000076ab00000)
  object space 105984K, 8% used [0x00000006c0000000,0x00000006c08f9540,0x00000006c6780000)
 Metaspace       used 25399K, capacity 25744K, committed 25984K, reserved 1071104K
  class space    used 3243K, capacity 3335K, committed 3456K, reserved 1048576K
Event: 3.459 GC heap after
Heap after GC invocations=5 (full 1):
 PSYoungGen      total 207872K, used 10736K [0x000000076ab00000, 0x000000077c000000, 0x00000007c0000000)
  eden space 197120K, 0% used [0x000000076ab00000,0x000000076ab00000,0x0000000776b80000)
  from space 10752K, 99% used [0x000000077b580000,0x000000077bffc0b8,0x000000077c000000)
  to   space 10752K, 0% used [0x000000077ab00000,0x000000077ab00000,0x000000077b580000)
 ParOldGen       total 105984K, used 9919K [0x00000006c0000000, 0x00000006c6780000, 0x000000076ab00000)
  object space 105984K, 9% used [0x00000006c0000000,0x00000006c09afca8,0x00000006c6780000)
 Metaspace       used 25399K, capacity 25744K, committed 25984K, reserved 1071104K
  class space    used 3243K, capacity 3335K, committed 3456K, reserved 1048576K
}
Event: 6.987 GC heap before
{Heap before GC invocations=6 (full 1):
 PSYoungGen      total 207872K, used 207856K [0x000000076ab00000, 0x000000077c000000, 0x00000007c0000000)
  eden space 197120K, 100% used [0x000000076ab00000,0x0000000776b80000,0x0000000776b80000)
  from space 10752K, 99% used [0x000000077b580000,0x000000077bffc0b8,0x000000077c000000)
  to   space 10752K, 0% used [0x000000077ab00000,0x000000077ab00000,0x000000077b580000)
 ParOldGen       total 105984K, used 9919K [0x00000006c0000000, 0x00000006c6780000, 0x000000076ab00000)
  object space 105984K, 9% used [0x00000006c0000000,0x00000006c09afca8,0x00000006c6780000)
 Metaspace       used 33551K, capacity 34078K, committed 34560K, reserved 1079296K
  class space    used 4376K, capacity 4515K, committed 4608K, reserved 1048576K
Event: 7.009 GC heap after
Heap after GC invocations=6 (full 1):
 PSYoungGen      total 272896K, used 10742K [0x000000076ab00000, 0x000000077e980000, 0x00000007c0000000)
  eden space 262144K, 0% used [0x000000076ab00000,0x000000076ab00000,0x000000077ab00000)
  from space 10752K, 99% used [0x000000077ab00000,0x000000077b57d998,0x000000077b580000)
  to   space 18944K, 0% used [0x000000077d700000,0x000000077d700000,0x000000077e980000)
 ParOldGen       total 105984K, used 20014K [0x00000006c0000000, 0x00000006c6780000, 0x000000076ab00000)
  object space 105984K, 18% used [0x00000006c0000000,0x00000006c138bbd0,0x00000006c6780000)
 Metaspace       used 33551K, capacity 34078K, committed 34560K, reserved 1079296K
  class space    used 4376K, capacity 4515K, committed 4608K, reserved 1048576K
}
Event: 7.832 GC heap before
{Heap before GC invocations=7 (full 1):
 PSYoungGen      total 272896K, used 103424K [0x000000076ab00000, 0x000000077e980000, 0x00000007c0000000)
  eden space 262144K, 35% used [0x000000076ab00000,0x00000007705826f8,0x000000077ab00000)
  from space 10752K, 99% used [0x000000077ab00000,0x000000077b57d998,0x000000077b580000)
  to   space 18944K, 0% used [0x000000077d700000,0x000000077d700000,0x000000077e980000)
 ParOldGen       total 105984K, used 20014K [0x00000006c0000000, 0x00000006c6780000, 0x000000076ab00000)
  object space 105984K, 18% used [0x00000006c0000000,0x00000006c138bbd0,0x00000006c6780000)
 Metaspace       used 34655K, capacity 35140K, committed 35416K, reserved 1079296K
  class space    used 4528K, capacity 4676K, committed 4736K, reserved 1048576K
Event: 7.849 GC heap after
Heap after GC invocations=7 (full 1):
 PSYoungGen      total 307200K, used 14075K [0x000000076ab00000, 0x0000000784d00000, 0x00000007c0000000)
  eden space 288256K, 0% used [0x000000076ab00000,0x000000076ab00000,0x000000077c480000)
  from space 18944K, 74% used [0x000000077d700000,0x000000077e4befa8,0x000000077e980000)
  to   space 18944K, 0% used [0x000000077c480000,0x000000077c480000,0x000000077d700000)
 ParOldGen       total 105984K, used 20022K [0x00000006c0000000, 0x00000006c6780000, 0x000000076ab00000)
  object space 105984K, 18% used [0x00000006c0000000,0x00000006c138dbd0,0x00000006c6780000)
 Metaspace       used 34655K, capacity 35140K, committed 35416K, reserved 1079296K
  class space    used 4528K, capacity 4676K, committed 4736K, reserved 1048576K
}
Event: 7.849 GC heap before
{Heap before GC invocations=8 (full 2):
 PSYoungGen      total 307200K, used 14075K [0x000000076ab00000, 0x0000000784d00000, 0x00000007c0000000)
  eden space 288256K, 0% used [0x000000076ab00000,0x000000076ab00000,0x000000077c480000)
  from space 18944K, 74% used [0x000000077d700000,0x000000077e4befa8,0x000000077e980000)
  to   space 18944K, 0% used [0x000000077c480000,0x000000077c480000,0x000000077d700000)
 ParOldGen       total 105984K, used 20022K [0x00000006c0000000, 0x00000006c6780000, 0x000000076ab00000)
  object space 105984K, 18% used [0x00000006c0000000,0x00000006c138dbd0,0x00000006c6780000)
 Metaspace       used 34655K, capacity 35140K, committed 35416K, reserved 1079296K
  class space    used 4528K, capacity 4676K, committed 4736K, reserved 1048576K
Event: 7.943 GC heap after
Heap after GC invocations=8 (full 2):
 PSYoungGen      total 307200K, used 0K [0x000000076ab00000, 0x0000000784d00000, 0x00000007c0000000)
  eden space 288256K, 0% used [0x000000076ab00000,0x000000076ab00000,0x000000077c480000)
  from space 18944K, 0% used [0x000000077d700000,0x000000077d700000,0x000000077e980000)
  to   space 18944K, 0% used [0x000000077c480000,0x000000077c480000,0x000000077d700000)
 ParOldGen       total 178176K, used 24736K [0x00000006c0000000, 0x00000006cae00000, 0x000000076ab00000)
  object space 178176K, 13% used [0x00000006c0000000,0x00000006c1828060,0x00000006cae00000)
 Metaspace       used 34655K, capacity 35140K, committed 35416K, reserved 1079296K
  class space    used 4528K, capacity 4676K, committed 4736K, reserved 1048576K
}

Deoptimization events (0 events):
No events

Internal exceptions (10 events):
Event: 758.118 Thread 0x00007fa07b868000 Exception <a 'java/io/IOException'> (0x000000076dd39fb0) thrown at [/HUDSON3/workspace/8-2-build-macosx-x86_64/jdk8u73/6086/hotspot/src/share/vm/prims/jni.cpp, line 709]
Event: 865.630 Thread 0x00007fa07c2ba000 Exception <a 'java/io/IOException'> (0x000000076dea0698) thrown at [/HUDSON3/workspace/8-2-build-macosx-x86_64/jdk8u73/6086/hotspot/src/share/vm/prims/jni.cpp, line 709]
Event: 866.070 Thread 0x00007fa07b869000 Exception <a 'java/io/IOException'> (0x000000076e0087c0) thrown at [/HUDSON3/workspace/8-2-build-macosx-x86_64/jdk8u73/6086/hotspot/src/share/vm/prims/jni.cpp, line 709]
Event: 866.284 Thread 0x00007fa07b869800 Exception <a 'java/io/IOException'> (0x000000076e170d40) thrown at [/HUDSON3/workspace/8-2-build-macosx-x86_64/jdk8u73/6086/hotspot/src/share/vm/prims/jni.cpp, line 709]
Event: 1284.555 Thread 0x00007fa07fb76000 Exception <a 'java/lang/NullPointerException'> (0x000000076cb58100) thrown at [/HUDSON3/workspace/8-2-build-macosx-x86_64/jdk8u73/6086/hotspot/src/share/vm/interpreter/linkResolver.cpp, line 1178]
Event: 1284.557 Thread 0x00007fa07fb76000 Exception <a 'java/lang/reflect/InvocationTargetException'> (0x000000076cb586d8) thrown at [/HUDSON3/workspace/8-2-build-macosx-x86_64/jdk8u73/6086/hotspot/src/share/vm/runtime/reflection.cpp, line 1092]
Event: 1284.697 Thread 0x00007fa07fb76000 Exception <a 'java/lang/ArrayIndexOutOfBoundsException'> (0x000000076ea54b10) thrown at [/HUDSON3/workspace/8-2-build-macosx-x86_64/jdk8u73/6086/hotspot/src/share/vm/runtime/sharedRuntime.cpp, line 605]
Event: 1284.713 Thread 0x00007fa07fb76000 Exception <a 'java/lang/ArrayIndexOutOfBoundsException'> (0x000000076eac37c0) thrown at [/HUDSON3/workspace/8-2-build-macosx-x86_64/jdk8u73/6086/hotspot/src/share/vm/runtime/sharedRuntime.cpp, line 605]
Event: 1442.549 Thread 0x00007fa07fb77000 Exception <a 'java/lang/NullPointerException'> (0x000000076ce386a8) thrown at [/HUDSON3/workspace/8-2-build-macosx-x86_64/jdk8u73/6086/hotspot/src/share/vm/interpreter/linkResolver.cpp, line 1178]
Event: 1442.549 Thread 0x00007fa07fb77000 Exception <a 'java/lang/reflect/InvocationTargetException'> (0x000000076ce38c80) thrown at [/HUDSON3/workspace/8-2-build-macosx-x86_64/jdk8u73/6086/hotspot/src/share/vm/runtime/reflection.cpp, line 1092]

Events (10 events):
Event: 1442.553 Executing VM operation: RevokeBias done
Event: 1442.559 Thread 0x00007fa07fb77000 DEOPT PACKING pc=0x000000011ee30d8c sp=0x000070000301ee70
Event: 1442.559 Thread 0x00007fa07fb77000 DEOPT UNPACKING pc=0x000000011e964633 sp=0x000070000301ec30 mode 1
Event: 1442.559 Thread 0x00007fa07fb77000 DEOPT PACKING pc=0x000000011edb662c sp=0x000070000301ef40
Event: 1442.559 Thread 0x00007fa07fb77000 DEOPT UNPACKING pc=0x000000011e964633 sp=0x000070000301edc8 mode 1
Event: 1453.045 Executing VM operation: ChangeBreakpoints
Event: 1453.052 Executing VM operation: ChangeBreakpoints done
Event: 1453.052 Executing VM operation: ChangeBreakpoints
Event: 1453.053 Executing VM operation: ChangeBreakpoints done
Event: 1458.517 Executing VM operation: GetOrSetLocal


Dynamic libraries:
0x0000000010639000 	/System/Library/Frameworks/Cocoa.framework/Versions/A/Cocoa
0x0000000010639000 	/System/Library/Frameworks/Security.framework/Versions/A/Security
0x0000000010639000 	/System/Library/Frameworks/ApplicationServices.framework/Versions/A/ApplicationServices
0x0000000010639000 	/usr/lib/libz.1.dylib
0x0000000010639000 	/usr/lib/libSystem.B.dylib
0x0000000010639000 	/usr/lib/libobjc.A.dylib
0x0000000010639000 	/System/Library/Frameworks/CoreFoundation.framework/Versions/A/CoreFoundation
0x0000000010639000 	/System/Library/Frameworks/Foundation.framework/Versions/C/Foundation
0x0000000010639000 	/System/Library/Frameworks/AppKit.framework/Versions/C/AppKit
0x0000000010639000 	/System/Library/Frameworks/CoreData.framework/Versions/A/CoreData
0x0000000010639000 	/System/Library/PrivateFrameworks/RemoteViewServices.framework/Versions/A/RemoteViewServices
0x0000000010639000 	/System/Library/PrivateFrameworks/UIFoundation.framework/Versions/A/UIFoundation
0x0000000010639000 	/System/Library/PrivateFrameworks/DFRFoundation.framework/Versions/A/DFRFoundation
0x0000000010639000 	/usr/lib/libenergytrace.dylib
0x0000000010639000 	/System/Library/PrivateFrameworks/SkyLight.framework/Versions/A/SkyLight
0x0000000010639000 	/System/Library/Frameworks/CoreGraphics.framework/Versions/A/CoreGraphics
0x0000000010639000 	/usr/lib/libScreenReader.dylib
0x0000000010639000 	/System/Library/Frameworks/Accelerate.framework/Versions/A/Accelerate
0x0000000010639000 	/System/Library/Frameworks/IOSurface.framework/Versions/A/IOSurface
0x0000000010639000 	/System/Library/Frameworks/AudioToolbox.framework/Versions/A/AudioToolbox
0x0000000010639000 	/System/Library/Frameworks/AudioUnit.framework/Versions/A/AudioUnit
0x0000000010639000 	/System/Library/PrivateFrameworks/DataDetectorsCore.framework/Versions/A/DataDetectorsCore
0x0000000010639000 	/System/Library/PrivateFrameworks/DesktopServicesPriv.framework/Versions/A/DesktopServicesPriv
0x0000000010639000 	/System/Library/Frameworks/Carbon.framework/Versions/A/Frameworks/HIToolbox.framework/Versions/A/HIToolbox
0x0000000010639000 	/usr/lib/libicucore.A.dylib
0x0000000010639000 	/System/Library/Frameworks/QuartzCore.framework/Versions/A/QuartzCore
0x0000000010639000 	/System/Library/Frameworks/Carbon.framework/Versions/A/Frameworks/SpeechRecognition.framework/Versions/A/SpeechRecognition
0x0000000010639000 	/usr/lib/libauto.dylib
0x0000000010639000 	/usr/lib/libxml2.2.dylib
0x0000000010639000 	/System/Library/PrivateFrameworks/CoreUI.framework/Versions/A/CoreUI
0x0000000010639000 	/System/Library/Frameworks/CoreAudio.framework/Versions/A/CoreAudio
0x0000000010639000 	/System/Library/Frameworks/DiskArbitration.framework/Versions/A/DiskArbitration
0x0000000010639000 	/usr/lib/liblangid.dylib
0x0000000010639000 	/System/Library/PrivateFrameworks/MultitouchSupport.framework/Versions/A/MultitouchSupport
0x0000000010639000 	/System/Library/Frameworks/IOKit.framework/Versions/A/IOKit
0x0000000010639000 	/usr/lib/libDiagnosticMessagesClient.dylib
0x0000000010639000 	/System/Library/Frameworks/CoreServices.framework/Versions/A/CoreServices
0x0000000010639000 	/System/Library/PrivateFrameworks/PerformanceAnalysis.framework/Versions/A/PerformanceAnalysis
0x0000000010639000 	/System/Library/PrivateFrameworks/GenerationalStorage.framework/Versions/A/GenerationalStorage
0x0000000010639000 	/System/Library/Frameworks/OpenGL.framework/Versions/A/OpenGL
0x0000000010639000 	/System/Library/Frameworks/CoreImage.framework/Versions/A/CoreImage
0x0000000010639000 	/System/Library/Frameworks/CoreText.framework/Versions/A/CoreText
0x0000000010639000 	/System/Library/Frameworks/ImageIO.framework/Versions/A/ImageIO
0x0000000010639000 	/System/Library/PrivateFrameworks/Backup.framework/Versions/A/Backup
0x0000000010639000 	/usr/lib/libarchive.2.dylib
0x0000000010639000 	/System/Library/Frameworks/CFNetwork.framework/Versions/A/CFNetwork
0x0000000010639000 	/System/Library/Frameworks/SystemConfiguration.framework/Versions/A/SystemConfiguration
0x0000000010639000 	/usr/lib/libCRFSuite.dylib
0x0000000010639000 	/usr/lib/libc++.1.dylib
0x0000000010639000 	/usr/lib/libc++abi.dylib
0x0000000010639000 	/usr/lib/system/libcache.dylib
0x0000000010639000 	/usr/lib/system/libcommonCrypto.dylib
0x0000000010639000 	/usr/lib/system/libcompiler_rt.dylib
0x0000000010639000 	/usr/lib/system/libcopyfile.dylib
0x0000000010639000 	/usr/lib/system/libcorecrypto.dylib
0x0000000010639000 	/usr/lib/system/libdispatch.dylib
0x0000000010639000 	/usr/lib/system/libdyld.dylib
0x0000000010639000 	/usr/lib/system/libkeymgr.dylib
0x0000000010639000 	/usr/lib/system/liblaunch.dylib
0x0000000010639000 	/usr/lib/system/libmacho.dylib
0x0000000010639000 	/usr/lib/system/libquarantine.dylib
0x0000000010639000 	/usr/lib/system/libremovefile.dylib
0x0000000010639000 	/usr/lib/system/libsystem_asl.dylib
0x0000000010639000 	/usr/lib/system/libsystem_blocks.dylib
0x0000000010639000 	/usr/lib/system/libsystem_c.dylib
0x0000000010639000 	/usr/lib/system/libsystem_configuration.dylib
0x0000000010639000 	/usr/lib/system/libsystem_coreservices.dylib
0x0000000010639000 	/usr/lib/system/libsystem_coretls.dylib
0x0000000010639000 	/usr/lib/system/libsystem_dnssd.dylib
0x0000000010639000 	/usr/lib/system/libsystem_info.dylib
0x0000000010639000 	/usr/lib/system/libsystem_kernel.dylib
0x0000000010639000 	/usr/lib/system/libsystem_m.dylib
0x0000000010639000 	/usr/lib/system/libsystem_malloc.dylib
0x0000000010639000 	/usr/lib/system/libsystem_network.dylib
0x0000000010639000 	/usr/lib/system/libsystem_networkextension.dylib
0x0000000010639000 	/usr/lib/system/libsystem_notify.dylib
0x0000000010639000 	/usr/lib/system/libsystem_platform.dylib
0x0000000010639000 	/usr/lib/system/libsystem_pthread.dylib
0x0000000010639000 	/usr/lib/system/libsystem_sandbox.dylib
0x0000000010639000 	/usr/lib/system/libsystem_secinit.dylib
0x0000000010639000 	/usr/lib/system/libsystem_symptoms.dylib
0x0000000010639000 	/usr/lib/system/libsystem_trace.dylib
0x0000000010639000 	/usr/lib/system/libunwind.dylib
0x0000000010639000 	/usr/lib/system/libxpc.dylib
0x0000000010639000 	/usr/lib/libbsm.0.dylib
0x0000000010639000 	/usr/lib/system/libkxld.dylib
0x0000000010639000 	/usr/lib/libcoretls.dylib
0x0000000010639000 	/usr/lib/libcoretls_cfhelpers.dylib
0x0000000010639000 	/usr/lib/libOpenScriptingUtil.dylib
0x0000000010639000 	/usr/lib/libpam.2.dylib
0x0000000010639000 	/usr/lib/libsqlite3.dylib
0x0000000010639000 	/usr/lib/libxar.1.dylib
0x0000000010639000 	/usr/lib/libbz2.1.0.dylib
0x0000000010639000 	/usr/lib/liblzma.5.dylib
0x0000000010639000 	/usr/lib/libnetwork.dylib
0x0000000010639000 	/usr/lib/libpcap.A.dylib
0x0000000010639000 	/System/Library/Frameworks/CoreServices.framework/Versions/A/Frameworks/FSEvents.framework/Versions/A/FSEvents
0x0000000010639000 	/System/Library/Frameworks/CoreServices.framework/Versions/A/Frameworks/CarbonCore.framework/Versions/A/CarbonCore
0x0000000010639000 	/System/Library/Frameworks/CoreServices.framework/Versions/A/Frameworks/Metadata.framework/Versions/A/Metadata
0x0000000010639000 	/System/Library/Frameworks/CoreServices.framework/Versions/A/Frameworks/OSServices.framework/Versions/A/OSServices
0x0000000010639000 	/System/Library/Frameworks/CoreServices.framework/Versions/A/Frameworks/SearchKit.framework/Versions/A/SearchKit
0x0000000010639000 	/System/Library/Frameworks/CoreServices.framework/Versions/A/Frameworks/AE.framework/Versions/A/AE
0x0000000010639000 	/System/Library/Frameworks/CoreServices.framework/Versions/A/Frameworks/LaunchServices.framework/Versions/A/LaunchServices
0x0000000010639000 	/System/Library/Frameworks/CoreServices.framework/Versions/A/Frameworks/DictionaryServices.framework/Versions/A/DictionaryServices
0x0000000010639000 	/System/Library/Frameworks/CoreServices.framework/Versions/A/Frameworks/SharedFileList.framework/Versions/A/SharedFileList
0x0000000010639000 	/System/Library/Frameworks/NetFS.framework/Versions/A/NetFS
0x0000000010639000 	/System/Library/PrivateFrameworks/NetAuth.framework/Versions/A/NetAuth
0x0000000010639000 	/System/Library/PrivateFrameworks/login.framework/Versions/A/Frameworks/loginsupport.framework/Versions/A/loginsupport
0x0000000010639000 	/System/Library/PrivateFrameworks/TCC.framework/Versions/A/TCC
0x0000000010639000 	/usr/lib/libmecabra.dylib
0x0000000010639000 	/System/Library/Frameworks/ApplicationServices.framework/Versions/A/Frameworks/ATS.framework/Versions/A/ATS
0x0000000010639000 	/System/Library/Frameworks/ApplicationServices.framework/Versions/A/Frameworks/ColorSync.framework/Versions/A/ColorSync
0x0000000010639000 	/System/Library/Frameworks/ApplicationServices.framework/Versions/A/Frameworks/HIServices.framework/Versions/A/HIServices
0x0000000010639000 	/System/Library/Frameworks/ApplicationServices.framework/Versions/A/Frameworks/LangAnalysis.framework/Versions/A/LangAnalysis
0x0000000010639000 	/System/Library/Frameworks/ApplicationServices.framework/Versions/A/Frameworks/PrintCore.framework/Versions/A/PrintCore
0x0000000010639000 	/System/Library/Frameworks/ApplicationServices.framework/Versions/A/Frameworks/QD.framework/Versions/A/QD
0x0000000010639000 	/System/Library/Frameworks/ApplicationServices.framework/Versions/A/Frameworks/SpeechSynthesis.framework/Versions/A/SpeechSynthesis
0x0000000010639000 	/System/Library/Frameworks/Accelerate.framework/Versions/A/Frameworks/vImage.framework/Versions/A/vImage
0x0000000010639000 	/System/Library/Frameworks/Accelerate.framework/Versions/A/Frameworks/vecLib.framework/Versions/A/vecLib
0x0000000010639000 	/System/Library/Frameworks/Accelerate.framework/Versions/A/Frameworks/vecLib.framework/Versions/A/libvDSP.dylib
0x0000000010639000 	/System/Library/Frameworks/Accelerate.framework/Versions/A/Frameworks/vecLib.framework/Versions/A/libBNNS.dylib
0x0000000010639000 	/System/Library/Frameworks/Accelerate.framework/Versions/A/Frameworks/vecLib.framework/Versions/A/libQuadrature.dylib
0x0000000010639000 	/System/Library/Frameworks/Accelerate.framework/Versions/A/Frameworks/vecLib.framework/Versions/A/libvMisc.dylib
0x0000000010639000 	/System/Library/Frameworks/Accelerate.framework/Versions/A/Frameworks/vecLib.framework/Versions/A/libLAPACK.dylib
0x0000000010639000 	/System/Library/Frameworks/Accelerate.framework/Versions/A/Frameworks/vecLib.framework/Versions/A/libBLAS.dylib
0x0000000010639000 	/System/Library/Frameworks/Accelerate.framework/Versions/A/Frameworks/vecLib.framework/Versions/A/libLinearAlgebra.dylib
0x0000000010639000 	/System/Library/Frameworks/Accelerate.framework/Versions/A/Frameworks/vecLib.framework/Versions/A/libSparseBLAS.dylib
0x0000000010639000 	/System/Library/Frameworks/ApplicationServices.framework/Versions/A/Frameworks/ATS.framework/Versions/A/Resources/libFontParser.dylib
0x0000000010639000 	/System/Library/Frameworks/ApplicationServices.framework/Versions/A/Frameworks/ATS.framework/Versions/A/Resources/libFontRegistry.dylib
0x0000000010639000 	/System/Library/Frameworks/ImageIO.framework/Versions/A/Resources/libJPEG.dylib
0x0000000010639000 	/System/Library/Frameworks/ImageIO.framework/Versions/A/Resources/libTIFF.dylib
0x0000000010639000 	/System/Library/Frameworks/ImageIO.framework/Versions/A/Resources/libPng.dylib
0x0000000010639000 	/System/Library/Frameworks/ImageIO.framework/Versions/A/Resources/libGIF.dylib
0x0000000010639000 	/System/Library/Frameworks/ImageIO.framework/Versions/A/Resources/libJP2.dylib
0x0000000010639000 	/System/Library/Frameworks/ImageIO.framework/Versions/A/Resources/libRadiance.dylib
0x0000000010639000 	/usr/lib/libcompression.dylib
0x0000000010639000 	/System/Library/PrivateFrameworks/AppleJPEG.framework/Versions/A/AppleJPEG
0x0000000010639000 	/usr/lib/libcups.2.dylib
0x0000000010639000 	/System/Library/Frameworks/Kerberos.framework/Versions/A/Kerberos
0x0000000010639000 	/System/Library/Frameworks/GSS.framework/Versions/A/GSS
0x0000000010639000 	/usr/lib/libresolv.9.dylib
0x0000000010639000 	/usr/lib/libiconv.2.dylib
0x0000000010639000 	/System/Library/PrivateFrameworks/Heimdal.framework/Versions/A/Heimdal
0x0000000010639000 	/usr/lib/libheimdal-asn1.dylib
0x0000000010639000 	/System/Library/Frameworks/OpenDirectory.framework/Versions/A/OpenDirectory
0x0000000010639000 	/System/Library/PrivateFrameworks/CommonAuth.framework/Versions/A/CommonAuth
0x0000000010639000 	/System/Library/Frameworks/OpenDirectory.framework/Versions/A/Frameworks/CFOpenDirectory.framework/Versions/A/CFOpenDirectory
0x0000000010639000 	/System/Library/Frameworks/SecurityFoundation.framework/Versions/A/SecurityFoundation
0x0000000010639000 	/System/Library/PrivateFrameworks/LanguageModeling.framework/Versions/A/LanguageModeling
0x0000000010639000 	/usr/lib/libmarisa.dylib
0x0000000010639000 	/usr/lib/libChineseTokenizer.dylib
0x0000000010639000 	/usr/lib/libcmph.dylib
0x0000000010639000 	/System/Library/PrivateFrameworks/CoreEmoji.framework/Versions/A/CoreEmoji
0x0000000010639000 	/System/Library/Frameworks/ServiceManagement.framework/Versions/A/ServiceManagement
0x0000000010639000 	/usr/lib/libxslt.1.dylib
0x0000000010639000 	/System/Library/Frameworks/Carbon.framework/Versions/A/Frameworks/Ink.framework/Versions/A/Ink
0x0000000010639000 	/System/Library/PrivateFrameworks/TextureIO.framework/Versions/A/TextureIO
0x0000000010639000 	/System/Library/Frameworks/Metal.framework/Versions/A/Metal
0x0000000010639000 	/usr/lib/libate.dylib
0x0000000010639000 	/System/Library/PrivateFrameworks/GPUCompiler.framework/libmetal_timestamp.dylib
0x0000000010639000 	/System/Library/Frameworks/OpenGL.framework/Versions/A/Libraries/libCoreFSCache.dylib
0x0000000010639000 	/System/Library/PrivateFrameworks/IOAccelerator.framework/Versions/A/IOAccelerator
0x0000000010639000 	/System/Library/Frameworks/CoreVideo.framework/Versions/A/CoreVideo
0x0000000010639000 	/usr/lib/libFosl_dynamic.dylib
0x0000000010639000 	/System/Library/PrivateFrameworks/MetalPerformanceShaders.framework/Versions/A/MetalPerformanceShaders
0x0000000010639000 	/System/Library/PrivateFrameworks/FaceCore.framework/Versions/A/FaceCore
0x0000000010639000 	/System/Library/Frameworks/OpenCL.framework/Versions/A/OpenCL
0x0000000010639000 	/System/Library/Frameworks/OpenGL.framework/Versions/A/Libraries/libGLU.dylib
0x0000000010639000 	/System/Library/Frameworks/OpenGL.framework/Versions/A/Libraries/libGFXShared.dylib
0x0000000010639000 	/System/Library/Frameworks/OpenGL.framework/Versions/A/Libraries/libGL.dylib
0x0000000010639000 	/System/Library/Frameworks/OpenGL.framework/Versions/A/Libraries/libGLImage.dylib
0x0000000010639000 	/System/Library/Frameworks/OpenGL.framework/Versions/A/Libraries/libCVMSPluginSupport.dylib
0x0000000010639000 	/System/Library/Frameworks/OpenGL.framework/Versions/A/Libraries/libCoreVMClient.dylib
0x0000000010639000 	/System/Library/PrivateFrameworks/CrashReporterSupport.framework/Versions/A/CrashReporterSupport
0x0000000010639000 	/System/Library/PrivateFrameworks/Sharing.framework/Versions/A/Sharing
0x0000000010639000 	/System/Library/PrivateFrameworks/IconServices.framework/Versions/A/IconServices
0x0000000010639000 	/System/Library/PrivateFrameworks/ProtocolBuffer.framework/Versions/A/ProtocolBuffer
0x0000000010639000 	/System/Library/PrivateFrameworks/Apple80211.framework/Versions/A/Apple80211
0x0000000010639000 	/System/Library/Frameworks/CoreWLAN.framework/Versions/A/CoreWLAN
0x0000000010639000 	/System/Library/PrivateFrameworks/CoreUtils.framework/Versions/A/CoreUtils
0x0000000010639000 	/System/Library/Frameworks/IOBluetooth.framework/Versions/A/IOBluetooth
0x0000000010639000 	/System/Library/PrivateFrameworks/CoreWiFi.framework/Versions/A/CoreWiFi
0x0000000010639000 	/System/Library/Frameworks/CoreBluetooth.framework/Versions/A/CoreBluetooth
0x0000000010639000 	/System/Library/Frameworks/CoreDisplay.framework/Versions/A/CoreDisplay
0x0000000010639000 	/System/Library/PrivateFrameworks/IOPresentment.framework/Versions/A/IOPresentment
0x0000000010639000 	/System/Library/PrivateFrameworks/DSExternalDisplay.framework/Versions/A/DSExternalDisplay
0x0000000010639000 	/System/Library/PrivateFrameworks/DebugSymbols.framework/Versions/A/DebugSymbols
0x0000000010639000 	/System/Library/PrivateFrameworks/CoreSymbolication.framework/Versions/A/CoreSymbolication
0x0000000010639000 	/System/Library/PrivateFrameworks/Symbolication.framework/Versions/A/Symbolication
0x0000000010639000 	/System/Library/PrivateFrameworks/AppleFSCompression.framework/Versions/A/AppleFSCompression
0x0000000010639000 	/System/Library/PrivateFrameworks/SpeechRecognitionCore.framework/Versions/A/SpeechRecognitionCore
0x0000000010639000 	/System/Library/PrivateFrameworks/ChunkingLibrary.framework/Versions/A/ChunkingLibrary
0x0000000110400000 	/Library/Java/JavaVirtualMachines/jdk1.8.0_73.jdk/Contents/Home/jre/lib/server/libjvm.dylib
0x0000000010639000 	/usr/lib/libstdc++.6.dylib
0x000000010f340000 	/Library/Java/JavaVirtualMachines/jdk1.8.0_73.jdk/Contents/Home/jre/lib/libverify.dylib
0x000000010f34e000 	/Library/Java/JavaVirtualMachines/jdk1.8.0_73.jdk/Contents/Home/jre/lib/libjava.dylib
0x000000010f384000 	/Library/Java/JavaVirtualMachines/jdk1.8.0_73.jdk/Contents/Home/jre/lib/libjdwp.dylib
0x000000010f3cf000 	/Library/Java/JavaVirtualMachines/jdk1.8.0_73.jdk/Contents/Home/jre/lib/libnpt.dylib
0x000000010f3dc000 	/Library/Java/JavaVirtualMachines/jdk1.8.0_73.jdk/Contents/Home/jre/lib/libzip.dylib
0x000000010f3e6000 	/System/Library/Frameworks/JavaVM.framework/Frameworks/JavaRuntimeSupport.framework/JavaRuntimeSupport
0x000000011d442000 	/System/Library/Frameworks/JavaVM.framework/Versions/A/Frameworks/JavaNativeFoundation.framework/Versions/A/JavaNativeFoundation
0x000000011d457000 	/System/Library/Frameworks/JavaVM.framework/Versions/A/JavaVM
0x0000000010639000 	/System/Library/Frameworks/Carbon.framework/Versions/A/Carbon
0x000000011d464000 	/System/Library/PrivateFrameworks/JavaLaunching.framework/Versions/A/JavaLaunching
0x0000000010639000 	/System/Library/Frameworks/Carbon.framework/Versions/A/Frameworks/CommonPanels.framework/Versions/A/CommonPanels
0x0000000010639000 	/System/Library/Frameworks/Carbon.framework/Versions/A/Frameworks/Help.framework/Versions/A/Help
0x0000000010639000 	/System/Library/Frameworks/Carbon.framework/Versions/A/Frameworks/ImageCapture.framework/Versions/A/ImageCapture
0x0000000010639000 	/System/Library/Frameworks/Carbon.framework/Versions/A/Frameworks/OpenScripting.framework/Versions/A/OpenScripting
0x0000000010639000 	/System/Library/Frameworks/Carbon.framework/Versions/A/Frameworks/Print.framework/Versions/A/Print
0x0000000010639000 	/System/Library/Frameworks/Carbon.framework/Versions/A/Frameworks/SecurityHI.framework/Versions/A/SecurityHI
0x000000011d4b8000 	/Library/Java/JavaVirtualMachines/jdk1.8.0_73.jdk/Contents/Home/jre/lib/libdt_socket.dylib
0x000000011d4bf000 	/Library/Java/JavaVirtualMachines/jdk1.8.0_73.jdk/Contents/Home/jre/lib/libmanagement.dylib
0x000000011d4cd000 	/Library/Java/JavaVirtualMachines/jdk1.8.0_73.jdk/Contents/Home/jre/lib/libnet.dylib
0x000000011d52c000 	/Library/Java/JavaVirtualMachines/jdk1.8.0_73.jdk/Contents/Home/jre/lib/libnio.dylib
0x000000011e6eb000 	/Library/Java/JavaVirtualMachines/jdk1.8.0_73.jdk/Contents/Home/jre/lib/libsunec.dylib

VM Arguments:
jvm_args: -agentlib:jdwp=transport=dt_socket,suspend=y,address=localhost:64028 -Dcom.sun.management.jmxremote -Dcom.sun.management.jmxremote.port=64027 -Dcom.sun.management.jmxremote.authenticate=false -Dcom.sun.management.jmxremote.ssl=false -Djava.rmi.server.hostname=localhost -Dspring.liveBeansView.mbeanDomain -Dspring.application.admin.enabled=true -Djava.security.egd=file:/dev/./urandom -Xverify:none -XX:TieredStopAtLevel=1 -Dfile.encoding=UTF-8 
java_command: com.cmad.essentials.blogger.BloggerApplication
java_class_path (initial): /Library/Java/JavaVirtualMachines/jdk1.8.0_73.jdk/Contents/Home/jre/lib/resources.jar:/Library/Java/JavaVirtualMachines/jdk1.8.0_73.jdk/Contents/Home/jre/lib/rt.jar:/Library/Java/JavaVirtualMachines/jdk1.8.0_73.jdk/Contents/Home/jre/lib/jsse.jar:/Library/Java/JavaVirtualMachines/jdk1.8.0_73.jdk/Contents/Home/jre/lib/jce.jar:/Library/Java/JavaVirtualMachines/jdk1.8.0_73.jdk/Contents/Home/jre/lib/charsets.jar:/Library/Java/JavaVirtualMachines/jdk1.8.0_73.jdk/Contents/Home/jre/lib/jfr.jar:/Library/Java/JavaVirtualMachines/jdk1.8.0_73.jdk/Contents/Home/jre/lib/ext/cldrdata.jar:/Library/Java/JavaVirtualMachines/jdk1.8.0_73.jdk/Contents/Home/jre/lib/ext/dnsns.jar:/Library/Java/JavaVirtualMachines/jdk1.8.0_73.jdk/Contents/Home/jre/lib/ext/jaccess.jar:/Library/Java/JavaVirtualMachines/jdk1.8.0_73.jdk/Contents/Home/jre/lib/ext/jfxrt.jar:/Library/Java/JavaVirtualMachines/jdk1.8.0_73.jdk/Contents/Home/jre/lib/ext/localedata.jar:/Library/Java/JavaVirtualMachines/jdk1.8.0_73.jdk/Contents/Home/jre/lib/ext/nashorn.jar:/Library/Java/JavaVirtualMachines/jdk1.8.0_73.jdk/Contents/Home/jre/lib/ext/sunec.jar:/Library/Java/JavaVirtualMachines/jdk1.8.0_73.jdk/Contents/Home/jre/lib/ext/sunjce_provider.jar:/Library/Java/JavaVirtualMachines/jdk1.8.0_73.jdk/Contents/Home/jre/lib/ext/sunpkcs11.jar:/Library/Java/JavaVirtualMachines/jdk1.8.0_73.jdk/Contents/Home/jre/lib/ext/zipfs.jar:/System/Library/Java/Extensions/MRJToolkit.jar:/Users/ssabapar/Documents/GitHub/cmad6/project/blogger/target/classes:/Users/ssabapar/.m2/repository/org/springframework/boot/spring-boot-starter/1.5.10.RELEASE/spring-boot-starter-1.5.10.RELEASE.jar:/Users/ssabapar/.m2/repository/org/springframework/boot/spring-boot/1.5.10.RELEASE/spring-boot-1.5.10.RELEASE.jar:/Users/ssabapar/.m2/repository/org/springframework/boot/spring-boot-starter-logging/1.5.10.RELEASE/spring-boot-starter-logging-1.5.10.RELEASE.jar:/Users/ssabapar/.m2/repository/ch/qos/logback/logback-classic/1.1.11/logback-classic-1.
Launcher Type: SUN_STANDARD

Environment Variables:
PATH=/usr/bin:/bin:/usr/sbin:/sbin
SHELL=/bin/bash
DISPLAY=/private/tmp/com.apple.launchd.ktZphkbJWD/org.macosforge.xquartz:0

Signal Handlers:
SIGSEGV: [libjvm.dylib+0x5a71a5], sa_mask[0]=11111111011111110111111111111111, sa_flags=SA_ONSTACK|SA_RESTART|SA_SIGINFO
SIGBUS: [libjvm.dylib+0x5a71a5], sa_mask[0]=11111111011111110111111111111111, sa_flags=SA_RESTART|SA_SIGINFO
SIGFPE: [libjvm.dylib+0x480eb4], sa_mask[0]=11111111011111110111111111111111, sa_flags=SA_RESTART|SA_SIGINFO
SIGPIPE: [libjvm.dylib+0x480eb4], sa_mask[0]=11111111011111110111111111111111, sa_flags=SA_RESTART|SA_SIGINFO
SIGXFSZ: [libjvm.dylib+0x480eb4], sa_mask[0]=11111111011111110111111111111111, sa_flags=SA_RESTART|SA_SIGINFO
SIGILL: [libjvm.dylib+0x480eb4], sa_mask[0]=11111111011111110111111111111111, sa_flags=SA_RESTART|SA_SIGINFO
SIGUSR1: SIG_DFL, sa_mask[0]=00000000000000000000000000000000, sa_flags=none
SIGUSR2: [libjvm.dylib+0x4809d2], sa_mask[0]=00100000000000000000000000000000, sa_flags=SA_RESTART|SA_SIGINFO
SIGHUP: [libjvm.dylib+0x47efa9], sa_mask[0]=11111111011111110111111111111111, sa_flags=SA_RESTART|SA_SIGINFO
SIGINT: [libjvm.dylib+0x47efa9], sa_mask[0]=11111111011111110111111111111111, sa_flags=SA_RESTART|SA_SIGINFO
SIGTERM: [libjvm.dylib+0x47efa9], sa_mask[0]=11111111011111110111111111111111, sa_flags=SA_RESTART|SA_SIGINFO
SIGQUIT: [libjvm.dylib+0x47efa9], sa_mask[0]=11111111011111110111111111111111, sa_flags=SA_RESTART|SA_SIGINFO


---------------  S Y S T E M  ---------------

OS:Bsduname:Darwin 16.7.0 Darwin Kernel Version 16.7.0: Thu Jan 11 22:59:40 PST 2018; root:xnu-3789.73.8~1/RELEASE_X86_64 x86_64
rlimit: STACK 8192k, CORE 0k, NPROC 709, NOFILE 10240, AS infinity
load average:2.75 2.90 2.98

CPU:total 8 (4 cores per cpu, 2 threads per core) family 6 model 70 stepping 1, cmov, cx8, fxsr, mmx, sse, sse2, sse3, ssse3, sse4.1, sse4.2, popcnt, avx, avx2, aes, clmul, erms, lzcnt, ht, tsc, tscinvbit, bmi1, bmi2

Memory: 4k page, physical 16777216k(18060k free)

/proc/meminfo:


vm_info: Java HotSpot(TM) 64-Bit Server VM (25.73-b02) for bsd-amd64 JRE (1.8.0_73-b02), built on Jan 29 2016 15:02:00 by "java_re" with gcc 4.2.1 (Based on Apple Inc. build 5658) (LLVM build 2336.11.00)

time: Tue Apr 24 11:47:39 2018
elapsed time: 1458 seconds (0d 0h 24m 18s)

